<?xml version="1.0" encoding="UTF-8"?>
<!-- Generated by org.testng.reporters.JUnitXMLReporter -->
<testsuite hostname="DESKTOP-NU4OLLA" failures="0" tests="2" name="Surefire test" time="23.796" errors="0" timestamp="9 Oct 2020 23:23:43 GMT">
  <testcase classname="testCases.SeleniumTest" name="invalid_UserCredential on invalid_UserCredential(testCases.SeleniumTest)" time="1.142"/>
  <testcase classname="testCases.SeleniumTest" name="valid_UserCredential on valid_UserCredential(testCases.SeleniumTest)" time="13.03"/>
</testsuite> <!-- Surefire test -->
